   1              	 .syntax unified
   2              	 .cpu cortex-m4
   3              	 .fpu softvfp
   4              	 .eabi_attribute 20,1
   5              	 .eabi_attribute 21,1
   6              	 .eabi_attribute 23,3
   7              	 .eabi_attribute 24,1
   8              	 .eabi_attribute 25,1
   9              	 .eabi_attribute 26,1
  10              	 .eabi_attribute 30,6
  11              	 .eabi_attribute 34,1
  12              	 .eabi_attribute 18,4
  13              	 .thumb
  14              	 .file "global_ccu4_conf.c"
  15              	 .text
  16              	.Ltext0:
  17              	 .cfi_sections .debug_frame
  18              	 .global GLOBAL_CCU4_0
  19              	 .section .data.GLOBAL_CCU4_0,"aw",%progbits
  20              	 .align 2
  23              	GLOBAL_CCU4_0:
  24 0000 000E2707 	 .word 120000000
  25 0004 0800     	 .short 8
  26 0006 0000     	 .space 2
  27 0008 00400048 	 .word 1207975936
  28 000c 00       	 .byte 0
  29 000d 00       	 .byte 0
  30 000e 0000     	 .space 2
  31              	 .text
  32              	.Letext0:
  33              	 .file 1 "c:\\davev4-64bit\\dave-ide-4.4.2-64bit\\eclipse\\arm-gcc-49\\arm-none-eabi\\include\\machine\\_default_types.h"
  34              	 .file 2 "c:\\davev4-64bit\\dave-ide-4.4.2-64bit\\eclipse\\arm-gcc-49\\arm-none-eabi\\include\\stdint.h"
  35              	 .file 3 "C:/Workspaces/DAVE-4.4.2-64Bit/fh-kaernten/DAVE_M2M_1/XMC4500_MTSR_Start_002/Libraries/CMSIS/Infineon/XMC4500_series/Include/XMC4500.h"
  36              	 .file 4 "C:/Workspaces/DAVE-4.4.2-64Bit/fh-kaernten/DAVE_M2M_1/XMC4500_MTSR_Start_002/Libraries/XMCLib/inc/xmc4_scu.h"
  37              	 .file 5 "C:/Workspaces/DAVE-4.4.2-64Bit/fh-kaernten/DAVE_M2M_1/XMC4500_MTSR_Start_002/Libraries/XMCLib/inc/xmc_ccu4.h"
  38              	 .file 6 "../Dave/Generated/GLOBAL_CCU4/global_ccu4.h"
  39              	 .file 7 "C:/Workspaces/DAVE-4.4.2-64Bit/fh-kaernten/DAVE_M2M_1/XMC4500_MTSR_Start_002/Libraries/CMSIS/Include/core_cm4.h"
  40              	 .file 8 "C:/Workspaces/DAVE-4.4.2-64Bit/fh-kaernten/DAVE_M2M_1/XMC4500_MTSR_Start_002/Libraries/CMSIS/Infineon/XMC4500_series/Include/system_XMC4500.h"
  41              	 .file 9 "../Dave/Generated/GLOBAL_CCU4/global_ccu4_conf.c"
DEFINED SYMBOLS
                            *ABS*:00000000 global_ccu4_conf.c
    {standard input}:23     .data.GLOBAL_CCU4_0:00000000 GLOBAL_CCU4_0
    {standard input}:20     .data.GLOBAL_CCU4_0:00000000 $d

NO UNDEFINED SYMBOLS
