   1              	 .syntax unified
   2              	 .cpu cortex-m4
   3              	 .fpu softvfp
   4              	 .eabi_attribute 20,1
   5              	 .eabi_attribute 21,1
   6              	 .eabi_attribute 23,3
   7              	 .eabi_attribute 24,1
   8              	 .eabi_attribute 25,1
   9              	 .eabi_attribute 26,1
  10              	 .eabi_attribute 30,6
  11              	 .eabi_attribute 34,1
  12              	 .eabi_attribute 18,4
  13              	 .thumb
  14              	 .file "DAVE.c"
  15              	 .text
  16              	.Ltext0:
  17              	 .cfi_sections .debug_frame
  18              	 .section .text.DAVE_Init,"ax",%progbits
  19              	 .align 2
  20              	 .global DAVE_Init
  21              	 .thumb
  22              	 .thumb_func
  24              	DAVE_Init:
  25              	.LFB335:
  26              	 .file 1 "../Dave/Generated/DAVE.c"
   1:../Dave/Generated/DAVE.c **** 
   2:../Dave/Generated/DAVE.c **** /**
   3:../Dave/Generated/DAVE.c ****  * @cond
   4:../Dave/Generated/DAVE.c ****  **************************************************************************************************
   5:../Dave/Generated/DAVE.c ****  *
   6:../Dave/Generated/DAVE.c ****  * Copyright (c) 2015, Infineon Technologies AG
   7:../Dave/Generated/DAVE.c ****  * All rights reserved.
   8:../Dave/Generated/DAVE.c ****  *
   9:../Dave/Generated/DAVE.c ****  * Redistribution and use in source and binary forms, with or without modification,are permitted pr
  10:../Dave/Generated/DAVE.c ****  * following conditions are met:
  11:../Dave/Generated/DAVE.c ****  *
  12:../Dave/Generated/DAVE.c ****  *   Redistributions of source code must retain the above copyright notice, this list of conditions
  13:../Dave/Generated/DAVE.c ****  *   disclaimer.
  14:../Dave/Generated/DAVE.c ****  *
  15:../Dave/Generated/DAVE.c ****  *   Redistributions in binary form must reproduce the above copyright notice, this list of conditi
  16:../Dave/Generated/DAVE.c ****  *   following disclaimer in the documentation and/or other materials provided with the distributio
  17:../Dave/Generated/DAVE.c ****  *
  18:../Dave/Generated/DAVE.c ****  *   Neither the name of the copyright holders nor the names of its contributors may be used to end
  19:../Dave/Generated/DAVE.c ****  *   products derived from this software without specific prior written permission.
  20:../Dave/Generated/DAVE.c ****  *
  21:../Dave/Generated/DAVE.c ****  * THIS SOFTWARE IS PROVIDED BY THE COPYRIGHT HOLDERS AND CONTRIBUTORS "AS IS" AND ANY EXPRESS OR I
  22:../Dave/Generated/DAVE.c ****  * INCLUDING, BUT NOT LIMITED TO, THE IMPLIED WARRANTIES OF MERCHANTABILITY AND FITNESS FOR A PARTI
  23:../Dave/Generated/DAVE.c ****  * DISCLAIMED. IN NO EVENT SHALL THE COPYRIGHT HOLDER OR CONTRIBUTORS BE LIABLE  FOR ANY DIRECT, IN
  24:../Dave/Generated/DAVE.c ****  * SPECIAL, EXEMPLARY, OR CONSEQUENTIAL DAMAGES (INCLUDING, BUT NOT LIMITED TO, PROCUREMENT OF SUBS
  25:../Dave/Generated/DAVE.c ****  * SERVICES; LOSS OF USE, DATA, OR PROFITS; OR BUSINESS INTERRUPTION) HOWEVER CAUSED AND ON ANY THE
  26:../Dave/Generated/DAVE.c ****  * WHETHER IN CONTRACT, STRICT LIABILITY,OR TORT (INCLUDING NEGLIGENCE OR OTHERWISE) ARISING IN ANY
  27:../Dave/Generated/DAVE.c ****  * USE OF THIS SOFTWARE, EVEN IF ADVISED OF THE POSSIBILITY OF SUCH DAMAGE.
  28:../Dave/Generated/DAVE.c ****  *
  29:../Dave/Generated/DAVE.c ****  * To improve the quality of the software, users are encouraged to share modifications, enhancement
  30:../Dave/Generated/DAVE.c ****  * with Infineon Technologies AG (dave@infineon.com).
  31:../Dave/Generated/DAVE.c ****  **************************************************************************************************
  32:../Dave/Generated/DAVE.c ****  *
  33:../Dave/Generated/DAVE.c ****  * Change History
  34:../Dave/Generated/DAVE.c ****  * --------------
  35:../Dave/Generated/DAVE.c ****  *
  36:../Dave/Generated/DAVE.c ****  * 2014-06-16:
  37:../Dave/Generated/DAVE.c ****  *     - Initial version<br>
  38:../Dave/Generated/DAVE.c ****  *
  39:../Dave/Generated/DAVE.c ****  *
  40:../Dave/Generated/DAVE.c ****  * @endcond
  41:../Dave/Generated/DAVE.c ****  *
  42:../Dave/Generated/DAVE.c ****  */
  43:../Dave/Generated/DAVE.c **** 
  44:../Dave/Generated/DAVE.c **** /**************************************************************************************************
  45:../Dave/Generated/DAVE.c ****  * HEADER FILES
  46:../Dave/Generated/DAVE.c ****  **************************************************************************************************
  47:../Dave/Generated/DAVE.c **** #include "DAVE.h"
  48:../Dave/Generated/DAVE.c **** 
  49:../Dave/Generated/DAVE.c **** /**************************************************************************************************
  50:../Dave/Generated/DAVE.c ****  * API IMPLEMENTATION
  51:../Dave/Generated/DAVE.c ****  **************************************************************************************************
  52:../Dave/Generated/DAVE.c **** 
  53:../Dave/Generated/DAVE.c **** /*******************************************************************************
  54:../Dave/Generated/DAVE.c ****  * @brief This function initializes the APPs Init Functions.
  55:../Dave/Generated/DAVE.c ****  * 
  56:../Dave/Generated/DAVE.c ****  * @param[in]  None
  57:../Dave/Generated/DAVE.c ****  *
  58:../Dave/Generated/DAVE.c ****  * @return  DAVE_STATUS_t <BR>
  59:../Dave/Generated/DAVE.c ****  ******************************************************************************/
  60:../Dave/Generated/DAVE.c **** DAVE_STATUS_t DAVE_Init(void)
  61:../Dave/Generated/DAVE.c **** {
  27              	 .loc 1 61 0
  28              	 .cfi_startproc
  29              	 
  30              	 
  31 0000 80B5     	 push {r7,lr}
  32              	.LCFI0:
  33              	 .cfi_def_cfa_offset 8
  34              	 .cfi_offset 7,-8
  35              	 .cfi_offset 14,-4
  36 0002 82B0     	 sub sp,sp,#8
  37              	.LCFI1:
  38              	 .cfi_def_cfa_offset 16
  39 0004 00AF     	 add r7,sp,#0
  40              	.LCFI2:
  41              	 .cfi_def_cfa_register 7
  62:../Dave/Generated/DAVE.c ****   DAVE_STATUS_t init_status;
  63:../Dave/Generated/DAVE.c ****   
  64:../Dave/Generated/DAVE.c ****   init_status = DAVE_STATUS_SUCCESS;
  42              	 .loc 1 64 0
  43 0006 0023     	 movs r3,#0
  44 0008 FB71     	 strb r3,[r7,#7]
  65:../Dave/Generated/DAVE.c **** 
  66:../Dave/Generated/DAVE.c ****       
  67:../Dave/Generated/DAVE.c **** 
  68:../Dave/Generated/DAVE.c **** /** @Initialization of APPs Init Functions */
  69:../Dave/Generated/DAVE.c **** 
  70:../Dave/Generated/DAVE.c **** 
  71:../Dave/Generated/DAVE.c ****   if (init_status == DAVE_STATUS_SUCCESS)
  45              	 .loc 1 71 0
  46 000a FB79     	 ldrb r3,[r7,#7]
  47 000c 002B     	 cmp r3,#0
  48 000e 04D1     	 bne .L2
  72:../Dave/Generated/DAVE.c ****   {
  73:../Dave/Generated/DAVE.c ****     /**  Initialization of I2C_MASTER APP instance I2C_MASTER_0 */
  74:../Dave/Generated/DAVE.c ****     init_status = (DAVE_STATUS_t)I2C_MASTER_Init(&I2C_MASTER_0);
  49              	 .loc 1 74 0
  50 0010 2048     	 ldr r0,.L11
  51 0012 FFF7FEFF 	 bl I2C_MASTER_Init
  52 0016 0346     	 mov r3,r0
  53 0018 FB71     	 strb r3,[r7,#7]
  54              	.L2:
  75:../Dave/Generated/DAVE.c ****   }  
  76:../Dave/Generated/DAVE.c **** 
  77:../Dave/Generated/DAVE.c ****   if (init_status == DAVE_STATUS_SUCCESS)
  55              	 .loc 1 77 0
  56 001a FB79     	 ldrb r3,[r7,#7]
  57 001c 002B     	 cmp r3,#0
  58 001e 04D1     	 bne .L3
  78:../Dave/Generated/DAVE.c ****   {
  79:../Dave/Generated/DAVE.c ****     /**  Initialization of TIMER APP instance TIMER_0 */
  80:../Dave/Generated/DAVE.c ****     init_status = (DAVE_STATUS_t)TIMER_Init(&TIMER_0);
  59              	 .loc 1 80 0
  60 0020 1D48     	 ldr r0,.L11+4
  61 0022 FFF7FEFF 	 bl TIMER_Init
  62 0026 0346     	 mov r3,r0
  63 0028 FB71     	 strb r3,[r7,#7]
  64              	.L3:
  81:../Dave/Generated/DAVE.c ****   }  
  82:../Dave/Generated/DAVE.c **** 
  83:../Dave/Generated/DAVE.c ****   if (init_status == DAVE_STATUS_SUCCESS)
  65              	 .loc 1 83 0
  66 002a FB79     	 ldrb r3,[r7,#7]
  67 002c 002B     	 cmp r3,#0
  68 002e 04D1     	 bne .L4
  84:../Dave/Generated/DAVE.c ****   {
  85:../Dave/Generated/DAVE.c ****     /**  Initialization of INTERRUPT APP instance INTERRUPT_0 */
  86:../Dave/Generated/DAVE.c ****     init_status = (DAVE_STATUS_t)INTERRUPT_Init(&INTERRUPT_0);
  69              	 .loc 1 86 0
  70 0030 1A48     	 ldr r0,.L11+8
  71 0032 FFF7FEFF 	 bl INTERRUPT_Init
  72 0036 0346     	 mov r3,r0
  73 0038 FB71     	 strb r3,[r7,#7]
  74              	.L4:
  87:../Dave/Generated/DAVE.c ****   }  
  88:../Dave/Generated/DAVE.c **** 
  89:../Dave/Generated/DAVE.c ****   if (init_status == DAVE_STATUS_SUCCESS)
  75              	 .loc 1 89 0
  76 003a FB79     	 ldrb r3,[r7,#7]
  77 003c 002B     	 cmp r3,#0
  78 003e 04D1     	 bne .L5
  90:../Dave/Generated/DAVE.c ****   {
  91:../Dave/Generated/DAVE.c ****     /**  Initialization of DIGITAL_IO APP instance DIGITAL_O_HB_LED */
  92:../Dave/Generated/DAVE.c ****     init_status = (DAVE_STATUS_t)DIGITAL_IO_Init(&DIGITAL_O_HB_LED);
  79              	 .loc 1 92 0
  80 0040 1748     	 ldr r0,.L11+12
  81 0042 FFF7FEFF 	 bl DIGITAL_IO_Init
  82 0046 0346     	 mov r3,r0
  83 0048 FB71     	 strb r3,[r7,#7]
  84              	.L5:
  93:../Dave/Generated/DAVE.c ****   }  
  94:../Dave/Generated/DAVE.c **** 
  95:../Dave/Generated/DAVE.c ****   if (init_status == DAVE_STATUS_SUCCESS)
  85              	 .loc 1 95 0
  86 004a FB79     	 ldrb r3,[r7,#7]
  87 004c 002B     	 cmp r3,#0
  88 004e 04D1     	 bne .L6
  96:../Dave/Generated/DAVE.c ****   {
  97:../Dave/Generated/DAVE.c ****     /**  Initialization of RTC APP instance RTC_0 */
  98:../Dave/Generated/DAVE.c ****     init_status = (DAVE_STATUS_t)RTC_Init(&RTC_0);
  89              	 .loc 1 98 0
  90 0050 1448     	 ldr r0,.L11+16
  91 0052 FFF7FEFF 	 bl RTC_Init
  92 0056 0346     	 mov r3,r0
  93 0058 FB71     	 strb r3,[r7,#7]
  94              	.L6:
  99:../Dave/Generated/DAVE.c ****   }  
 100:../Dave/Generated/DAVE.c **** 
 101:../Dave/Generated/DAVE.c ****   if (init_status == DAVE_STATUS_SUCCESS)
  95              	 .loc 1 101 0
  96 005a FB79     	 ldrb r3,[r7,#7]
  97 005c 002B     	 cmp r3,#0
  98 005e 04D1     	 bne .L7
 102:../Dave/Generated/DAVE.c ****   {
 103:../Dave/Generated/DAVE.c ****     /**  Initialization of GLOBAL_ADC APP instance GLOBAL_ADC_0 */
 104:../Dave/Generated/DAVE.c ****     init_status = (DAVE_STATUS_t)GLOBAL_ADC_Init(&GLOBAL_ADC_0);
  99              	 .loc 1 104 0
 100 0060 1148     	 ldr r0,.L11+20
 101 0062 FFF7FEFF 	 bl GLOBAL_ADC_Init
 102 0066 0346     	 mov r3,r0
 103 0068 FB71     	 strb r3,[r7,#7]
 104              	.L7:
 105:../Dave/Generated/DAVE.c ****   }  
 106:../Dave/Generated/DAVE.c **** 
 107:../Dave/Generated/DAVE.c ****   if (init_status == DAVE_STATUS_SUCCESS)
 105              	 .loc 1 107 0
 106 006a FB79     	 ldrb r3,[r7,#7]
 107 006c 002B     	 cmp r3,#0
 108 006e 04D1     	 bne .L8
 108:../Dave/Generated/DAVE.c ****   {
 109:../Dave/Generated/DAVE.c ****     /**  Initialization of BUS_IO APP instance BUS_IO_0 */
 110:../Dave/Generated/DAVE.c ****     init_status = (DAVE_STATUS_t)BUS_IO_Init(&BUS_IO_0);
 109              	 .loc 1 110 0
 110 0070 0E48     	 ldr r0,.L11+24
 111 0072 FFF7FEFF 	 bl BUS_IO_Init
 112 0076 0346     	 mov r3,r0
 113 0078 FB71     	 strb r3,[r7,#7]
 114              	.L8:
 111:../Dave/Generated/DAVE.c ****   }  
 112:../Dave/Generated/DAVE.c **** 
 113:../Dave/Generated/DAVE.c ****   if (init_status == DAVE_STATUS_SUCCESS)
 115              	 .loc 1 113 0
 116 007a FB79     	 ldrb r3,[r7,#7]
 117 007c 002B     	 cmp r3,#0
 118 007e 04D1     	 bne .L9
 114:../Dave/Generated/DAVE.c ****   {
 115:../Dave/Generated/DAVE.c ****     /**  Initialization of SYSTIMER APP instance SYSTIMER_0 */
 116:../Dave/Generated/DAVE.c ****     init_status = (DAVE_STATUS_t)SYSTIMER_Init(&SYSTIMER_0);
 119              	 .loc 1 116 0
 120 0080 0B48     	 ldr r0,.L11+28
 121 0082 FFF7FEFF 	 bl SYSTIMER_Init
 122 0086 0346     	 mov r3,r0
 123 0088 FB71     	 strb r3,[r7,#7]
 124              	.L9:
 117:../Dave/Generated/DAVE.c ****   }  
 118:../Dave/Generated/DAVE.c ****  
 119:../Dave/Generated/DAVE.c **** 
 120:../Dave/Generated/DAVE.c ****   return init_status;
 125              	 .loc 1 120 0
 126 008a FB79     	 ldrb r3,[r7,#7]
 121:../Dave/Generated/DAVE.c **** } /**  End of function DAVE_Init */
 127              	 .loc 1 121 0
 128 008c 1846     	 mov r0,r3
 129 008e 0837     	 adds r7,r7,#8
 130              	.LCFI3:
 131              	 .cfi_def_cfa_offset 8
 132 0090 BD46     	 mov sp,r7
 133              	.LCFI4:
 134              	 .cfi_def_cfa_register 13
 135              	 
 136 0092 80BD     	 pop {r7,pc}
 137              	.L12:
 138              	 .align 2
 139              	.L11:
 140 0094 00000000 	 .word I2C_MASTER_0
 141 0098 00000000 	 .word TIMER_0
 142 009c 00000000 	 .word INTERRUPT_0
 143 00a0 00000000 	 .word DIGITAL_O_HB_LED
 144 00a4 00000000 	 .word RTC_0
 145 00a8 00000000 	 .word GLOBAL_ADC_0
 146 00ac 00000000 	 .word BUS_IO_0
 147 00b0 00000000 	 .word SYSTIMER_0
 148              	 .cfi_endproc
 149              	.LFE335:
 151              	 .text
 152              	.Letext0:
 153              	 .file 2 "c:\\davev4-64bit\\dave-ide-4.4.2-64bit\\eclipse\\arm-gcc-49\\arm-none-eabi\\include\\machine\\_default_types.h"
 154              	 .file 3 "c:\\davev4-64bit\\dave-ide-4.4.2-64bit\\eclipse\\arm-gcc-49\\arm-none-eabi\\include\\stdint.h"
 155              	 .file 4 "C:/Workspaces/DAVE-4.4.2-64Bit/fh-kaernten/DAVE_M2M_1/XMC4500_MTSR_Start_002/Libraries/CMSIS/Infineon/XMC4500_series/Include/XMC4500.h"
 156              	 .file 5 "C:/Workspaces/DAVE-4.4.2-64Bit/fh-kaernten/DAVE_M2M_1/XMC4500_MTSR_Start_002/Libraries/XMCLib/inc/xmc_scu.h"
 157              	 .file 6 "C:/Workspaces/DAVE-4.4.2-64Bit/fh-kaernten/DAVE_M2M_1/XMC4500_MTSR_Start_002/Libraries/XMCLib/inc/xmc4_scu.h"
 158              	 .file 7 "C:/Workspaces/DAVE-4.4.2-64Bit/fh-kaernten/DAVE_M2M_1/XMC4500_MTSR_Start_002/Libraries/XMCLib/inc/xmc_gpio.h"
 159              	 .file 8 "C:/Workspaces/DAVE-4.4.2-64Bit/fh-kaernten/DAVE_M2M_1/XMC4500_MTSR_Start_002/Libraries/XMCLib/inc/xmc4_gpio.h"
 160              	 .file 9 "C:/Workspaces/DAVE-4.4.2-64Bit/fh-kaernten/DAVE_M2M_1/XMC4500_MTSR_Start_002/Libraries/XMCLib/inc/xmc_usic.h"
 161              	 .file 10 "C:/Workspaces/DAVE-4.4.2-64Bit/fh-kaernten/DAVE_M2M_1/XMC4500_MTSR_Start_002/Libraries/XMCLib/inc/xmc_i2c.h"
 162              	 .file 11 "../Dave/Generated/I2C_MASTER/i2c_master.h"
 163              	 .file 12 "C:/Workspaces/DAVE-4.4.2-64Bit/fh-kaernten/DAVE_M2M_1/XMC4500_MTSR_Start_002/Libraries/XMCLib/inc/xmc_ccu4.h"
 164              	 .file 13 "../Dave/Generated/GLOBAL_CCU4/global_ccu4.h"
 165              	 .file 14 "../Dave/Generated/TIMER/timer.h"
 166              	 .file 15 "../Dave/Generated/INTERRUPT/interrupt.h"
 167              	 .file 16 "../Dave/Generated/DIGITAL_IO/digital_io.h"
 168              	 .file 17 "../Dave/Generated/GLOBAL_SCU_XMC4/global_scu_xmc4.h"
 169              	 .file 18 "C:/Workspaces/DAVE-4.4.2-64Bit/fh-kaernten/DAVE_M2M_1/XMC4500_MTSR_Start_002/Libraries/XMCLib/inc/xmc_rtc.h"
 170              	 .file 19 "../Dave/Generated/RTC/rtc.h"
 171              	 .file 20 "C:/Workspaces/DAVE-4.4.2-64Bit/fh-kaernten/DAVE_M2M_1/XMC4500_MTSR_Start_002/Libraries/XMCLib/inc/xmc_vadc.h"
 172              	 .file 21 "../Dave/Generated/GLOBAL_ADC/global_adc.h"
 173              	 .file 22 "../Dave/Generated/BUS_IO/bus_io.h"
 174              	 .file 23 "../Dave/Generated/SYSTIMER/systimer.h"
 175              	 .file 24 "../Dave/Generated/DAVE.h"
 176              	 .file 25 "C:/Workspaces/DAVE-4.4.2-64Bit/fh-kaernten/DAVE_M2M_1/XMC4500_MTSR_Start_002/Libraries/CMSIS/Include/core_cm4.h"
 177              	 .file 26 "C:/Workspaces/DAVE-4.4.2-64Bit/fh-kaernten/DAVE_M2M_1/XMC4500_MTSR_Start_002/Libraries/CMSIS/Infineon/XMC4500_series/Include/system_XMC4500.h"
 178              	 .file 27 "../Dave/Generated/I2C_MASTER/i2c_master_extern.h"
 179              	 .file 28 "../Dave/Generated/TIMER/timer_extern.h"
 180              	 .file 29 "../Dave/Generated/INTERRUPT/interrupt_extern.h"
 181              	 .file 30 "../Dave/Generated/DIGITAL_IO/digital_io_extern.h"
 182              	 .file 31 "../Dave/Generated/RTC/rtc_extern.h"
 183              	 .file 32 "../Dave/Generated/GLOBAL_ADC/global_adc_extern.h"
 184              	 .file 33 "../Dave/Generated/BUS_IO/bus_io_extern.h"
 185              	 .file 34 "../Dave/Generated/SYSTIMER/systimer_extern.h"
DEFINED SYMBOLS
                            *ABS*:00000000 DAVE.c
    {standard input}:19     .text.DAVE_Init:00000000 $t
    {standard input}:24     .text.DAVE_Init:00000000 DAVE_Init
    {standard input}:140    .text.DAVE_Init:00000094 $d
                     .debug_frame:00000010 $d

UNDEFINED SYMBOLS
I2C_MASTER_Init
TIMER_Init
INTERRUPT_Init
DIGITAL_IO_Init
RTC_Init
GLOBAL_ADC_Init
BUS_IO_Init
SYSTIMER_Init
I2C_MASTER_0
TIMER_0
INTERRUPT_0
DIGITAL_O_HB_LED
RTC_0
GLOBAL_ADC_0
BUS_IO_0
SYSTIMER_0
