   1              	 .syntax unified
   2              	 .cpu cortex-m4
   3              	 .fpu softvfp
   4              	 .eabi_attribute 20,1
   5              	 .eabi_attribute 21,1
   6              	 .eabi_attribute 23,3
   7              	 .eabi_attribute 24,1
   8              	 .eabi_attribute 25,1
   9              	 .eabi_attribute 26,1
  10              	 .eabi_attribute 30,6
  11              	 .eabi_attribute 34,1
  12              	 .eabi_attribute 18,4
  13              	 .thumb
  14              	 .file "xmc4_gpio.c"
  15              	 .text
  16              	.Ltext0:
  17              	 .cfi_sections .debug_frame
  18              	 .section .text.XMC_GPIO_Init,"ax",%progbits
  19              	 .align 2
  20              	 .global XMC_GPIO_Init
  21              	 .thumb
  22              	 .thumb_func
  24              	XMC_GPIO_Init:
  25              	.LFB137:
  26              	 .file 1 "../Libraries/XMCLib/src/xmc4_gpio.c"
   1:../Libraries/XMCLib/src/xmc4_gpio.c **** /**
   2:../Libraries/XMCLib/src/xmc4_gpio.c ****  * @file xmc4_gpio.c
   3:../Libraries/XMCLib/src/xmc4_gpio.c ****  * @date 2015-06-20
   4:../Libraries/XMCLib/src/xmc4_gpio.c ****  *
   5:../Libraries/XMCLib/src/xmc4_gpio.c ****  * @cond
   6:../Libraries/XMCLib/src/xmc4_gpio.c ****   *************************************************************************************************
   7:../Libraries/XMCLib/src/xmc4_gpio.c ****  * XMClib v2.0.0 - XMC Peripheral Driver Library
   8:../Libraries/XMCLib/src/xmc4_gpio.c ****  *
   9:../Libraries/XMCLib/src/xmc4_gpio.c ****  * Copyright (c) 2015, Infineon Technologies AG
  10:../Libraries/XMCLib/src/xmc4_gpio.c ****  * All rights reserved.                        
  11:../Libraries/XMCLib/src/xmc4_gpio.c ****  *                                             
  12:../Libraries/XMCLib/src/xmc4_gpio.c ****  * Redistribution and use in source and binary forms, with or without modification,are permitted pr
  13:../Libraries/XMCLib/src/xmc4_gpio.c ****  * following conditions are met:   
  14:../Libraries/XMCLib/src/xmc4_gpio.c ****  *                                                                              
  15:../Libraries/XMCLib/src/xmc4_gpio.c ****  * Redistributions of source code must retain the above copyright notice, this list of conditions a
  16:../Libraries/XMCLib/src/xmc4_gpio.c ****  * disclaimer.                        
  17:../Libraries/XMCLib/src/xmc4_gpio.c ****  * 
  18:../Libraries/XMCLib/src/xmc4_gpio.c ****  * Redistributions in binary form must reproduce the above copyright notice, this list of condition
  19:../Libraries/XMCLib/src/xmc4_gpio.c ****  * disclaimer in the documentation and/or other materials provided with the distribution.          
  20:../Libraries/XMCLib/src/xmc4_gpio.c ****  * 
  21:../Libraries/XMCLib/src/xmc4_gpio.c ****  * Neither the name of the copyright holders nor the names of its contributors may be used to endor
  22:../Libraries/XMCLib/src/xmc4_gpio.c ****  * products derived from this software without specific prior written permission.                  
  23:../Libraries/XMCLib/src/xmc4_gpio.c ****  *                                                                              
  24:../Libraries/XMCLib/src/xmc4_gpio.c ****  * THIS SOFTWARE IS PROVIDED BY THE COPYRIGHT HOLDERS AND CONTRIBUTORS "AS IS" AND ANY EXPRESS OR I
  25:../Libraries/XMCLib/src/xmc4_gpio.c ****  * INCLUDING, BUT NOT LIMITED TO, THE IMPLIED WARRANTIES OF MERCHANTABILITY AND FITNESS FOR A PARTI
  26:../Libraries/XMCLib/src/xmc4_gpio.c ****  * DISCLAIMED. IN NO EVENT SHALL THE COPYRIGHT HOLDER OR CONTRIBUTORS BE LIABLE  FOR ANY DIRECT, IN
  27:../Libraries/XMCLib/src/xmc4_gpio.c ****  * SPECIAL, EXEMPLARY, OR CONSEQUENTIAL DAMAGES (INCLUDING, BUT NOT LIMITED TO, PROCUREMENT OF SUBS
  28:../Libraries/XMCLib/src/xmc4_gpio.c ****  * SERVICES; LOSS OF USE, DATA, OR PROFITS; OR BUSINESS INTERRUPTION) HOWEVER CAUSED AND ON ANY THE
  29:../Libraries/XMCLib/src/xmc4_gpio.c ****  * WHETHER IN CONTRACT, STRICT LIABILITY,OR TORT (INCLUDING NEGLIGENCE OR OTHERWISE) ARISING IN ANY
  30:../Libraries/XMCLib/src/xmc4_gpio.c ****  * OF THIS SOFTWARE, EVEN IF ADVISED OF THE POSSIBILITY OF SUCH DAMAGE.                            
  31:../Libraries/XMCLib/src/xmc4_gpio.c ****  *                                                                              
  32:../Libraries/XMCLib/src/xmc4_gpio.c ****  * To improve the quality of the software, users are encouraged to share modifications, enhancement
  33:../Libraries/XMCLib/src/xmc4_gpio.c ****  * Infineon Technologies AG dave@infineon.com).                                                    
  34:../Libraries/XMCLib/src/xmc4_gpio.c ****  **************************************************************************************************
  35:../Libraries/XMCLib/src/xmc4_gpio.c ****  *
  36:../Libraries/XMCLib/src/xmc4_gpio.c ****  * Change History
  37:../Libraries/XMCLib/src/xmc4_gpio.c ****  * --------------
  38:../Libraries/XMCLib/src/xmc4_gpio.c ****  *
  39:../Libraries/XMCLib/src/xmc4_gpio.c ****  * 2015-02-20:
  40:../Libraries/XMCLib/src/xmc4_gpio.c ****  *     - Initial draft <br>
  41:../Libraries/XMCLib/src/xmc4_gpio.c ****  *      
  42:../Libraries/XMCLib/src/xmc4_gpio.c ****  * 2015-06-20:
  43:../Libraries/XMCLib/src/xmc4_gpio.c ****  *     - Removed version macros and declaration of GetDriverVersion API
  44:../Libraries/XMCLib/src/xmc4_gpio.c ****  *
  45:../Libraries/XMCLib/src/xmc4_gpio.c ****  * @endcond
  46:../Libraries/XMCLib/src/xmc4_gpio.c ****  *
  47:../Libraries/XMCLib/src/xmc4_gpio.c ****  */
  48:../Libraries/XMCLib/src/xmc4_gpio.c **** 
  49:../Libraries/XMCLib/src/xmc4_gpio.c **** #include "xmc_gpio.h"
  50:../Libraries/XMCLib/src/xmc4_gpio.c **** 
  51:../Libraries/XMCLib/src/xmc4_gpio.c **** #if UC_FAMILY == XMC4
  52:../Libraries/XMCLib/src/xmc4_gpio.c **** 
  53:../Libraries/XMCLib/src/xmc4_gpio.c **** /*******************************************************************************
  54:../Libraries/XMCLib/src/xmc4_gpio.c ****  * MACROS
  55:../Libraries/XMCLib/src/xmc4_gpio.c ****  *******************************************************************************/
  56:../Libraries/XMCLib/src/xmc4_gpio.c **** 
  57:../Libraries/XMCLib/src/xmc4_gpio.c **** #define PORT_PDR_Msk              PORT0_PDR0_PD0_Msk
  58:../Libraries/XMCLib/src/xmc4_gpio.c **** #define PORT_PDR_Size             (4U)
  59:../Libraries/XMCLib/src/xmc4_gpio.c **** #define PORT_HWSEL_Msk            PORT0_HWSEL_HW0_Msk
  60:../Libraries/XMCLib/src/xmc4_gpio.c **** 
  61:../Libraries/XMCLib/src/xmc4_gpio.c **** /*******************************************************************************
  62:../Libraries/XMCLib/src/xmc4_gpio.c ****  * API IMPLEMENTATION
  63:../Libraries/XMCLib/src/xmc4_gpio.c ****  *******************************************************************************/
  64:../Libraries/XMCLib/src/xmc4_gpio.c **** 
  65:../Libraries/XMCLib/src/xmc4_gpio.c **** void XMC_GPIO_Init(XMC_GPIO_PORT_t *const port, const uint8_t pin, const XMC_GPIO_CONFIG_t *const c
  66:../Libraries/XMCLib/src/xmc4_gpio.c **** {
  27              	 .loc 1 66 0
  28              	 .cfi_startproc
  29              	 
  30              	 
  31              	 
  32 0000 80B4     	 push {r7}
  33              	.LCFI0:
  34              	 .cfi_def_cfa_offset 4
  35              	 .cfi_offset 7,-4
  36 0002 85B0     	 sub sp,sp,#20
  37              	.LCFI1:
  38              	 .cfi_def_cfa_offset 24
  39 0004 00AF     	 add r7,sp,#0
  40              	.LCFI2:
  41              	 .cfi_def_cfa_register 7
  42 0006 F860     	 str r0,[r7,#12]
  43 0008 0B46     	 mov r3,r1
  44 000a 7A60     	 str r2,[r7,#4]
  45 000c FB72     	 strb r3,[r7,#11]
  67:../Libraries/XMCLib/src/xmc4_gpio.c ****   XMC_ASSERT("XMC_GPIO_Init: Invalid port", XMC_GPIO_CHECK_PORT(port));
  68:../Libraries/XMCLib/src/xmc4_gpio.c ****   XMC_ASSERT("XMC_GPIO_Init: Invalid mode", XMC_GPIO_CHECK_MODE(config->mode));
  69:../Libraries/XMCLib/src/xmc4_gpio.c **** 
  70:../Libraries/XMCLib/src/xmc4_gpio.c ****   /* Switch to input */
  71:../Libraries/XMCLib/src/xmc4_gpio.c ****   port->IOCR[pin >> 2U] &= (uint32_t)~(PORT_IOCR_PC_Msk << (PORT_IOCR_PC_Size * (pin & 0x3U)));
  46              	 .loc 1 71 0
  47 000e FB7A     	 ldrb r3,[r7,#11]
  48 0010 9B08     	 lsrs r3,r3,#2
  49 0012 DBB2     	 uxtb r3,r3
  50 0014 1846     	 mov r0,r3
  51 0016 FB7A     	 ldrb r3,[r7,#11]
  52 0018 9B08     	 lsrs r3,r3,#2
  53 001a DBB2     	 uxtb r3,r3
  54 001c 1A46     	 mov r2,r3
  55 001e FB68     	 ldr r3,[r7,#12]
  56 0020 0432     	 adds r2,r2,#4
  57 0022 53F82220 	 ldr r2,[r3,r2,lsl#2]
  58 0026 FB7A     	 ldrb r3,[r7,#11]
  59 0028 03F00303 	 and r3,r3,#3
  60 002c DB00     	 lsls r3,r3,#3
  61 002e 1946     	 mov r1,r3
  62 0030 F823     	 movs r3,#248
  63 0032 8B40     	 lsls r3,r3,r1
  64 0034 DB43     	 mvns r3,r3
  65 0036 02EA0301 	 and r1,r2,r3
  66 003a FB68     	 ldr r3,[r7,#12]
  67 003c 021D     	 adds r2,r0,#4
  68 003e 43F82210 	 str r1,[r3,r2,lsl#2]
  72:../Libraries/XMCLib/src/xmc4_gpio.c **** 
  73:../Libraries/XMCLib/src/xmc4_gpio.c ****   /* HW port control is disabled */
  74:../Libraries/XMCLib/src/xmc4_gpio.c ****   port->HWSEL &= ~(uint32_t)((uint32_t)PORT_HWSEL_Msk << ((uint32_t)pin << 1U));
  69              	 .loc 1 74 0
  70 0042 FB68     	 ldr r3,[r7,#12]
  71 0044 5A6F     	 ldr r2,[r3,#116]
  72 0046 FB7A     	 ldrb r3,[r7,#11]
  73 0048 5B00     	 lsls r3,r3,#1
  74 004a 1946     	 mov r1,r3
  75 004c 0323     	 movs r3,#3
  76 004e 8B40     	 lsls r3,r3,r1
  77 0050 DB43     	 mvns r3,r3
  78 0052 1A40     	 ands r2,r2,r3
  79 0054 FB68     	 ldr r3,[r7,#12]
  80 0056 5A67     	 str r2,[r3,#116]
  75:../Libraries/XMCLib/src/xmc4_gpio.c **** 
  76:../Libraries/XMCLib/src/xmc4_gpio.c **** 
  77:../Libraries/XMCLib/src/xmc4_gpio.c ****   /* Enable digital input */
  78:../Libraries/XMCLib/src/xmc4_gpio.c ****   if (XMC_GPIO_CHECK_ANALOG_PORT(port))
  81              	 .loc 1 78 0
  82 0058 FB68     	 ldr r3,[r7,#12]
  83 005a 374A     	 ldr r2,.L5
  84 005c 9342     	 cmp r3,r2
  85 005e 03D0     	 beq .L2
  86              	 .loc 1 78 0 is_stmt 0 discriminator 1
  87 0060 FB68     	 ldr r3,[r7,#12]
  88 0062 364A     	 ldr r2,.L5+4
  89 0064 9342     	 cmp r3,r2
  90 0066 0AD1     	 bne .L3
  91              	.L2:
  79:../Libraries/XMCLib/src/xmc4_gpio.c ****   {
  80:../Libraries/XMCLib/src/xmc4_gpio.c ****     port->PDISC &= ~(uint32_t)((uint32_t)0x1U << pin);
  92              	 .loc 1 80 0 is_stmt 1
  93 0068 FB68     	 ldr r3,[r7,#12]
  94 006a 1A6E     	 ldr r2,[r3,#96]
  95 006c FB7A     	 ldrb r3,[r7,#11]
  96 006e 0121     	 movs r1,#1
  97 0070 01FA03F3 	 lsl r3,r1,r3
  98 0074 DB43     	 mvns r3,r3
  99 0076 1A40     	 ands r2,r2,r3
 100 0078 FB68     	 ldr r3,[r7,#12]
 101 007a 1A66     	 str r2,[r3,#96]
 102 007c 3CE0     	 b .L4
 103              	.L3:
  81:../Libraries/XMCLib/src/xmc4_gpio.c ****   }
  82:../Libraries/XMCLib/src/xmc4_gpio.c ****   else
  83:../Libraries/XMCLib/src/xmc4_gpio.c ****   {
  84:../Libraries/XMCLib/src/xmc4_gpio.c ****     /* Set output level */
  85:../Libraries/XMCLib/src/xmc4_gpio.c ****     port->OMR = (uint32_t)config->output_level << pin;
 104              	 .loc 1 85 0
 105 007e 7B68     	 ldr r3,[r7,#4]
 106 0080 5A68     	 ldr r2,[r3,#4]
 107 0082 FB7A     	 ldrb r3,[r7,#11]
 108 0084 9A40     	 lsls r2,r2,r3
 109 0086 FB68     	 ldr r3,[r7,#12]
 110 0088 5A60     	 str r2,[r3,#4]
  86:../Libraries/XMCLib/src/xmc4_gpio.c **** 
  87:../Libraries/XMCLib/src/xmc4_gpio.c ****     /* Set output driver strength */
  88:../Libraries/XMCLib/src/xmc4_gpio.c ****     port->PDR[pin >> 3U] &= (uint32_t)~(PORT_PDR_Msk << ((uint32_t)PORT_PDR_Size * ((uint32_t)pin &
 111              	 .loc 1 88 0
 112 008a FB7A     	 ldrb r3,[r7,#11]
 113 008c DB08     	 lsrs r3,r3,#3
 114 008e DBB2     	 uxtb r3,r3
 115 0090 1846     	 mov r0,r3
 116 0092 FB7A     	 ldrb r3,[r7,#11]
 117 0094 DB08     	 lsrs r3,r3,#3
 118 0096 DBB2     	 uxtb r3,r3
 119 0098 1A46     	 mov r2,r3
 120 009a FB68     	 ldr r3,[r7,#12]
 121 009c 1032     	 adds r2,r2,#16
 122 009e 53F82220 	 ldr r2,[r3,r2,lsl#2]
 123 00a2 FB7A     	 ldrb r3,[r7,#11]
 124 00a4 03F00703 	 and r3,r3,#7
 125 00a8 9B00     	 lsls r3,r3,#2
 126 00aa 1946     	 mov r1,r3
 127 00ac 0723     	 movs r3,#7
 128 00ae 8B40     	 lsls r3,r3,r1
 129 00b0 DB43     	 mvns r3,r3
 130 00b2 02EA0301 	 and r1,r2,r3
 131 00b6 FB68     	 ldr r3,[r7,#12]
 132 00b8 00F11002 	 add r2,r0,#16
 133 00bc 43F82210 	 str r1,[r3,r2,lsl#2]
  89:../Libraries/XMCLib/src/xmc4_gpio.c ****     port->PDR[pin >> 3U] |= (uint32_t)config->output_strength << ((uint32_t)PORT_PDR_Size * ((uint3
 134              	 .loc 1 89 0
 135 00c0 FB7A     	 ldrb r3,[r7,#11]
 136 00c2 DB08     	 lsrs r3,r3,#3
 137 00c4 DBB2     	 uxtb r3,r3
 138 00c6 1846     	 mov r0,r3
 139 00c8 FB7A     	 ldrb r3,[r7,#11]
 140 00ca DB08     	 lsrs r3,r3,#3
 141 00cc DBB2     	 uxtb r3,r3
 142 00ce 1A46     	 mov r2,r3
 143 00d0 FB68     	 ldr r3,[r7,#12]
 144 00d2 1032     	 adds r2,r2,#16
 145 00d4 53F82220 	 ldr r2,[r3,r2,lsl#2]
 146 00d8 7B68     	 ldr r3,[r7,#4]
 147 00da 1B7A     	 ldrb r3,[r3,#8]
 148 00dc 1946     	 mov r1,r3
 149 00de FB7A     	 ldrb r3,[r7,#11]
 150 00e0 03F00703 	 and r3,r3,#7
 151 00e4 9B00     	 lsls r3,r3,#2
 152 00e6 01FA03F3 	 lsl r3,r1,r3
 153 00ea 42EA0301 	 orr r1,r2,r3
 154 00ee FB68     	 ldr r3,[r7,#12]
 155 00f0 00F11002 	 add r2,r0,#16
 156 00f4 43F82210 	 str r1,[r3,r2,lsl#2]
 157              	.L4:
  90:../Libraries/XMCLib/src/xmc4_gpio.c ****   }
  91:../Libraries/XMCLib/src/xmc4_gpio.c **** 
  92:../Libraries/XMCLib/src/xmc4_gpio.c ****   /* Set mode */
  93:../Libraries/XMCLib/src/xmc4_gpio.c ****   port->IOCR[pin >> 2U] |= (uint32_t)config->mode << ((uint32_t)PORT_IOCR_PC_Size * ((uint32_t)pin 
 158              	 .loc 1 93 0
 159 00f8 FB7A     	 ldrb r3,[r7,#11]
 160 00fa 9B08     	 lsrs r3,r3,#2
 161 00fc DBB2     	 uxtb r3,r3
 162 00fe 1846     	 mov r0,r3
 163 0100 FB7A     	 ldrb r3,[r7,#11]
 164 0102 9B08     	 lsrs r3,r3,#2
 165 0104 DBB2     	 uxtb r3,r3
 166 0106 1A46     	 mov r2,r3
 167 0108 FB68     	 ldr r3,[r7,#12]
 168 010a 0432     	 adds r2,r2,#4
 169 010c 53F82220 	 ldr r2,[r3,r2,lsl#2]
 170 0110 7B68     	 ldr r3,[r7,#4]
 171 0112 1B78     	 ldrb r3,[r3]
 172 0114 1946     	 mov r1,r3
 173 0116 FB7A     	 ldrb r3,[r7,#11]
 174 0118 03F00303 	 and r3,r3,#3
 175 011c DB00     	 lsls r3,r3,#3
 176 011e 01FA03F3 	 lsl r3,r1,r3
 177 0122 42EA0301 	 orr r1,r2,r3
 178 0126 FB68     	 ldr r3,[r7,#12]
 179 0128 021D     	 adds r2,r0,#4
 180 012a 43F82210 	 str r1,[r3,r2,lsl#2]
  94:../Libraries/XMCLib/src/xmc4_gpio.c **** }
 181              	 .loc 1 94 0
 182 012e 1437     	 adds r7,r7,#20
 183              	.LCFI3:
 184              	 .cfi_def_cfa_offset 4
 185 0130 BD46     	 mov sp,r7
 186              	.LCFI4:
 187              	 .cfi_def_cfa_register 13
 188              	 
 189 0132 5DF8047B 	 ldr r7,[sp],#4
 190              	.LCFI5:
 191              	 .cfi_restore 7
 192              	 .cfi_def_cfa_offset 0
 193 0136 7047     	 bx lr
 194              	.L6:
 195              	 .align 2
 196              	.L5:
 197 0138 008E0248 	 .word 1208126976
 198 013c 008F0248 	 .word 1208127232
 199              	 .cfi_endproc
 200              	.LFE137:
 202              	 .section .text.XMC_GPIO_SetOutputStrength,"ax",%progbits
 203              	 .align 2
 204              	 .global XMC_GPIO_SetOutputStrength
 205              	 .thumb
 206              	 .thumb_func
 208              	XMC_GPIO_SetOutputStrength:
 209              	.LFB138:
  95:../Libraries/XMCLib/src/xmc4_gpio.c **** 
  96:../Libraries/XMCLib/src/xmc4_gpio.c **** void XMC_GPIO_SetOutputStrength(XMC_GPIO_PORT_t *const port, const uint8_t pin, XMC_GPIO_OUTPUT_STR
  97:../Libraries/XMCLib/src/xmc4_gpio.c **** {
 210              	 .loc 1 97 0
 211              	 .cfi_startproc
 212              	 
 213              	 
 214              	 
 215 0000 80B4     	 push {r7}
 216              	.LCFI6:
 217              	 .cfi_def_cfa_offset 4
 218              	 .cfi_offset 7,-4
 219 0002 83B0     	 sub sp,sp,#12
 220              	.LCFI7:
 221              	 .cfi_def_cfa_offset 16
 222 0004 00AF     	 add r7,sp,#0
 223              	.LCFI8:
 224              	 .cfi_def_cfa_register 7
 225 0006 7860     	 str r0,[r7,#4]
 226 0008 0B46     	 mov r3,r1
 227 000a FB70     	 strb r3,[r7,#3]
 228 000c 1346     	 mov r3,r2
 229 000e BB70     	 strb r3,[r7,#2]
  98:../Libraries/XMCLib/src/xmc4_gpio.c ****   XMC_ASSERT("XMC_GPIO_Init: Invalid port", XMC_GPIO_CHECK_OUTPUT_PORT(port));
  99:../Libraries/XMCLib/src/xmc4_gpio.c ****   XMC_ASSERT("XMC_GPIO_Init: Invalid output strength", XMC_GPIO_CHECK_OUTPUT_STRENGTH(strength));
 100:../Libraries/XMCLib/src/xmc4_gpio.c **** 
 101:../Libraries/XMCLib/src/xmc4_gpio.c ****   port->PDR[pin >> 3U] &= (uint32_t)~((uint32_t)PORT_PDR_Msk << ((uint32_t)PORT_PDR_Size * ((uint32
 230              	 .loc 1 101 0
 231 0010 FB78     	 ldrb r3,[r7,#3]
 232 0012 DB08     	 lsrs r3,r3,#3
 233 0014 DBB2     	 uxtb r3,r3
 234 0016 1846     	 mov r0,r3
 235 0018 FB78     	 ldrb r3,[r7,#3]
 236 001a DB08     	 lsrs r3,r3,#3
 237 001c DBB2     	 uxtb r3,r3
 238 001e 1A46     	 mov r2,r3
 239 0020 7B68     	 ldr r3,[r7,#4]
 240 0022 1032     	 adds r2,r2,#16
 241 0024 53F82220 	 ldr r2,[r3,r2,lsl#2]
 242 0028 FB78     	 ldrb r3,[r7,#3]
 243 002a 03F00703 	 and r3,r3,#7
 244 002e 9B00     	 lsls r3,r3,#2
 245 0030 1946     	 mov r1,r3
 246 0032 0723     	 movs r3,#7
 247 0034 8B40     	 lsls r3,r3,r1
 248 0036 DB43     	 mvns r3,r3
 249 0038 02EA0301 	 and r1,r2,r3
 250 003c 7B68     	 ldr r3,[r7,#4]
 251 003e 00F11002 	 add r2,r0,#16
 252 0042 43F82210 	 str r1,[r3,r2,lsl#2]
 102:../Libraries/XMCLib/src/xmc4_gpio.c ****   port->PDR[pin >> 3U] |= (uint32_t)strength << ((uint32_t)PORT_PDR_Size * ((uint32_t)pin & 0x7U));
 253              	 .loc 1 102 0
 254 0046 FB78     	 ldrb r3,[r7,#3]
 255 0048 DB08     	 lsrs r3,r3,#3
 256 004a DBB2     	 uxtb r3,r3
 257 004c 1846     	 mov r0,r3
 258 004e FB78     	 ldrb r3,[r7,#3]
 259 0050 DB08     	 lsrs r3,r3,#3
 260 0052 DBB2     	 uxtb r3,r3
 261 0054 1A46     	 mov r2,r3
 262 0056 7B68     	 ldr r3,[r7,#4]
 263 0058 1032     	 adds r2,r2,#16
 264 005a 53F82220 	 ldr r2,[r3,r2,lsl#2]
 265 005e BB78     	 ldrb r3,[r7,#2]
 266 0060 F978     	 ldrb r1,[r7,#3]
 267 0062 01F00701 	 and r1,r1,#7
 268 0066 8900     	 lsls r1,r1,#2
 269 0068 8B40     	 lsls r3,r3,r1
 270 006a 42EA0301 	 orr r1,r2,r3
 271 006e 7B68     	 ldr r3,[r7,#4]
 272 0070 00F11002 	 add r2,r0,#16
 273 0074 43F82210 	 str r1,[r3,r2,lsl#2]
 103:../Libraries/XMCLib/src/xmc4_gpio.c **** }
 274              	 .loc 1 103 0
 275 0078 0C37     	 adds r7,r7,#12
 276              	.LCFI9:
 277              	 .cfi_def_cfa_offset 4
 278 007a BD46     	 mov sp,r7
 279              	.LCFI10:
 280              	 .cfi_def_cfa_register 13
 281              	 
 282 007c 5DF8047B 	 ldr r7,[sp],#4
 283              	.LCFI11:
 284              	 .cfi_restore 7
 285              	 .cfi_def_cfa_offset 0
 286 0080 7047     	 bx lr
 287              	 .cfi_endproc
 288              	.LFE138:
 290 0082 00BF     	 .text
 291              	.Letext0:
 292              	 .file 2 "c:\\davev4-64bit\\dave-ide-4.4.2-64bit\\eclipse\\arm-gcc-49\\arm-none-eabi\\include\\machine\\_default_types.h"
 293              	 .file 3 "c:\\davev4-64bit\\dave-ide-4.4.2-64bit\\eclipse\\arm-gcc-49\\arm-none-eabi\\include\\stdint.h"
 294              	 .file 4 "C:/Workspaces/DAVE-4.4.2-64Bit/fh-kaernten/DAVE_M2M_1/XMC4500_MTSR_Start_002/Libraries/XMCLib/inc/xmc_gpio.h"
 295              	 .file 5 "C:/Workspaces/DAVE-4.4.2-64Bit/fh-kaernten/DAVE_M2M_1/XMC4500_MTSR_Start_002/Libraries/XMCLib/inc/xmc4_gpio.h"
 296              	 .file 6 "C:/Workspaces/DAVE-4.4.2-64Bit/fh-kaernten/DAVE_M2M_1/XMC4500_MTSR_Start_002/Libraries/CMSIS/Include/core_cm4.h"
DEFINED SYMBOLS
                            *ABS*:00000000 xmc4_gpio.c
    {standard input}:19     .text.XMC_GPIO_Init:00000000 $t
    {standard input}:24     .text.XMC_GPIO_Init:00000000 XMC_GPIO_Init
    {standard input}:197    .text.XMC_GPIO_Init:00000138 $d
    {standard input}:203    .text.XMC_GPIO_SetOutputStrength:00000000 $t
    {standard input}:208    .text.XMC_GPIO_SetOutputStrength:00000000 XMC_GPIO_SetOutputStrength
                     .debug_frame:00000010 $d

NO UNDEFINED SYMBOLS
