   1              	 .syntax unified
   2              	 .cpu cortex-m4
   3              	 .fpu softvfp
   4              	 .eabi_attribute 20,1
   5              	 .eabi_attribute 21,1
   6              	 .eabi_attribute 23,3
   7              	 .eabi_attribute 24,1
   8              	 .eabi_attribute 25,1
   9              	 .eabi_attribute 26,1
  10              	 .eabi_attribute 30,6
  11              	 .eabi_attribute 34,1
  12              	 .eabi_attribute 18,4
  13              	 .thumb
  14              	 .file "xmc4_usic.c"
  15              	 .text
  16              	.Ltext0:
  17              	 .cfi_sections .debug_frame
  18              	 .section .text.XMC_USIC_Enable,"ax",%progbits
  19              	 .align 2
  20              	 .global XMC_USIC_Enable
  21              	 .thumb
  22              	 .thumb_func
  24              	XMC_USIC_Enable:
  25              	.LFB197:
  26              	 .file 1 "../Libraries/XMCLib/src/xmc4_usic.c"
   1:../Libraries/XMCLib/src/xmc4_usic.c **** /**
   2:../Libraries/XMCLib/src/xmc4_usic.c ****  * @file xmc4_usic.c
   3:../Libraries/XMCLib/src/xmc4_usic.c ****  * @date 2015-06-20 
   4:../Libraries/XMCLib/src/xmc4_usic.c ****  *
   5:../Libraries/XMCLib/src/xmc4_usic.c ****  * @cond
   6:../Libraries/XMCLib/src/xmc4_usic.c ****  **************************************************************************************************
   7:../Libraries/XMCLib/src/xmc4_usic.c ****  * XMClib v2.0.0 - XMC Peripheral Driver Library
   8:../Libraries/XMCLib/src/xmc4_usic.c ****  *
   9:../Libraries/XMCLib/src/xmc4_usic.c ****  * Copyright (c) 2015, Infineon Technologies AG
  10:../Libraries/XMCLib/src/xmc4_usic.c ****  * All rights reserved.                        
  11:../Libraries/XMCLib/src/xmc4_usic.c ****  *                                             
  12:../Libraries/XMCLib/src/xmc4_usic.c ****  * Redistribution and use in source and binary forms, with or without modification,are permitted pr
  13:../Libraries/XMCLib/src/xmc4_usic.c ****  * following conditions are met:   
  14:../Libraries/XMCLib/src/xmc4_usic.c ****  *                                                                              
  15:../Libraries/XMCLib/src/xmc4_usic.c ****  * Redistributions of source code must retain the above copyright notice, this list of conditions a
  16:../Libraries/XMCLib/src/xmc4_usic.c ****  * disclaimer.                        
  17:../Libraries/XMCLib/src/xmc4_usic.c ****  * 
  18:../Libraries/XMCLib/src/xmc4_usic.c ****  * Redistributions in binary form must reproduce the above copyright notice, this list of condition
  19:../Libraries/XMCLib/src/xmc4_usic.c ****  * disclaimer in the documentation and/or other materials provided with the distribution.          
  20:../Libraries/XMCLib/src/xmc4_usic.c ****  * 
  21:../Libraries/XMCLib/src/xmc4_usic.c ****  * Neither the name of the copyright holders nor the names of its contributors may be used to endor
  22:../Libraries/XMCLib/src/xmc4_usic.c ****  * products derived from this software without specific prior written permission.                  
  23:../Libraries/XMCLib/src/xmc4_usic.c ****  *                                                                              
  24:../Libraries/XMCLib/src/xmc4_usic.c ****  * THIS SOFTWARE IS PROVIDED BY THE COPYRIGHT HOLDERS AND CONTRIBUTORS "AS IS" AND ANY EXPRESS OR I
  25:../Libraries/XMCLib/src/xmc4_usic.c ****  * INCLUDING, BUT NOT LIMITED TO, THE IMPLIED WARRANTIES OF MERCHANTABILITY AND FITNESS FOR A PARTI
  26:../Libraries/XMCLib/src/xmc4_usic.c ****  * DISCLAIMED. IN NO EVENT SHALL THE COPYRIGHT HOLDER OR CONTRIBUTORS BE LIABLE  FOR ANY DIRECT, IN
  27:../Libraries/XMCLib/src/xmc4_usic.c ****  * SPECIAL, EXEMPLARY, OR CONSEQUENTIAL DAMAGES (INCLUDING, BUT NOT LIMITED TO, PROCUREMENT OF SUBS
  28:../Libraries/XMCLib/src/xmc4_usic.c ****  * SERVICES; LOSS OF USE, DATA, OR PROFITS; OR BUSINESS INTERRUPTION) HOWEVER CAUSED AND ON ANY THE
  29:../Libraries/XMCLib/src/xmc4_usic.c ****  * WHETHER IN CONTRACT, STRICT LIABILITY,OR TORT (INCLUDING NEGLIGENCE OR OTHERWISE) ARISING IN ANY
  30:../Libraries/XMCLib/src/xmc4_usic.c ****  * OF THIS SOFTWARE, EVEN IF ADVISED OF THE POSSIBILITY OF SUCH DAMAGE.                            
  31:../Libraries/XMCLib/src/xmc4_usic.c ****  *                                                                              
  32:../Libraries/XMCLib/src/xmc4_usic.c ****  * To improve the quality of the software, users are encouraged to share modifications, enhancement
  33:../Libraries/XMCLib/src/xmc4_usic.c ****  * Infineon Technologies AG dave@infineon.com).                                                    
  34:../Libraries/XMCLib/src/xmc4_usic.c ****  **************************************************************************************************
  35:../Libraries/XMCLib/src/xmc4_usic.c ****  *
  36:../Libraries/XMCLib/src/xmc4_usic.c ****  * Change History
  37:../Libraries/XMCLib/src/xmc4_usic.c ****  * --------------
  38:../Libraries/XMCLib/src/xmc4_usic.c ****  *
  39:../Libraries/XMCLib/src/xmc4_usic.c ****  * 2015-02-16:
  40:../Libraries/XMCLib/src/xmc4_usic.c ****  *     - Initial <br>
  41:../Libraries/XMCLib/src/xmc4_usic.c ****  *      
  42:../Libraries/XMCLib/src/xmc4_usic.c ****  * @endcond 
  43:../Libraries/XMCLib/src/xmc4_usic.c ****  *
  44:../Libraries/XMCLib/src/xmc4_usic.c ****  */
  45:../Libraries/XMCLib/src/xmc4_usic.c **** 
  46:../Libraries/XMCLib/src/xmc4_usic.c **** /**************************************************************************************************
  47:../Libraries/XMCLib/src/xmc4_usic.c ****  * HEADER FILES
  48:../Libraries/XMCLib/src/xmc4_usic.c ****  **************************************************************************************************
  49:../Libraries/XMCLib/src/xmc4_usic.c **** #include <xmc_usic.h>
  50:../Libraries/XMCLib/src/xmc4_usic.c **** 
  51:../Libraries/XMCLib/src/xmc4_usic.c **** /**************************************************************************************************
  52:../Libraries/XMCLib/src/xmc4_usic.c ****  * MACROS
  53:../Libraries/XMCLib/src/xmc4_usic.c ****  **************************************************************************************************
  54:../Libraries/XMCLib/src/xmc4_usic.c **** #if UC_FAMILY == XMC4
  55:../Libraries/XMCLib/src/xmc4_usic.c **** #include <xmc_scu.h>
  56:../Libraries/XMCLib/src/xmc4_usic.c **** 
  57:../Libraries/XMCLib/src/xmc4_usic.c **** /**************************************************************************************************
  58:../Libraries/XMCLib/src/xmc4_usic.c ****  * API IMPLEMENTATION
  59:../Libraries/XMCLib/src/xmc4_usic.c ****  **************************************************************************************************
  60:../Libraries/XMCLib/src/xmc4_usic.c **** /**
  61:../Libraries/XMCLib/src/xmc4_usic.c ****  * @brief API to enable the USIC driver
  62:../Libraries/XMCLib/src/xmc4_usic.c ****  * @retval void
  63:../Libraries/XMCLib/src/xmc4_usic.c ****  *
  64:../Libraries/XMCLib/src/xmc4_usic.c ****  */
  65:../Libraries/XMCLib/src/xmc4_usic.c **** void XMC_USIC_Enable(XMC_USIC_t *const usic)
  66:../Libraries/XMCLib/src/xmc4_usic.c **** {
  27              	 .loc 1 66 0
  28              	 .cfi_startproc
  29              	 
  30              	 
  31 0000 80B5     	 push {r7,lr}
  32              	.LCFI0:
  33              	 .cfi_def_cfa_offset 8
  34              	 .cfi_offset 7,-8
  35              	 .cfi_offset 14,-4
  36 0002 82B0     	 sub sp,sp,#8
  37              	.LCFI1:
  38              	 .cfi_def_cfa_offset 16
  39 0004 00AF     	 add r7,sp,#0
  40              	.LCFI2:
  41              	 .cfi_def_cfa_register 7
  42 0006 7860     	 str r0,[r7,#4]
  67:../Libraries/XMCLib/src/xmc4_usic.c ****   if (usic == USIC0)
  43              	 .loc 1 67 0
  44 0008 7B68     	 ldr r3,[r7,#4]
  45 000a 0D4A     	 ldr r2,.L5
  46 000c 9342     	 cmp r3,r2
  47 000e 04D1     	 bne .L2
  68:../Libraries/XMCLib/src/xmc4_usic.c ****   {
  69:../Libraries/XMCLib/src/xmc4_usic.c **** #if(UC_SERIES != XMC45)
  70:../Libraries/XMCLib/src/xmc4_usic.c ****     XMC_SCU_CLOCK_UngatePeripheralClock(XMC_SCU_PERIPHERAL_CLOCK_USIC0);
  71:../Libraries/XMCLib/src/xmc4_usic.c **** #endif
  72:../Libraries/XMCLib/src/xmc4_usic.c ****     XMC_SCU_RESET_DeassertPeripheralReset(XMC_SCU_PERIPHERAL_RESET_USIC0);
  48              	 .loc 1 72 0
  49 0010 4FF40060 	 mov r0,#2048
  50 0014 FFF7FEFF 	 bl XMC_SCU_RESET_DeassertPeripheralReset
  51 0018 0EE0     	 b .L1
  52              	.L2:
  73:../Libraries/XMCLib/src/xmc4_usic.c ****   }
  74:../Libraries/XMCLib/src/xmc4_usic.c **** #if defined(USIC1)  
  75:../Libraries/XMCLib/src/xmc4_usic.c ****   else if (usic == USIC1)
  53              	 .loc 1 75 0
  54 001a 7B68     	 ldr r3,[r7,#4]
  55 001c 094A     	 ldr r2,.L5+4
  56 001e 9342     	 cmp r3,r2
  57 0020 03D1     	 bne .L4
  76:../Libraries/XMCLib/src/xmc4_usic.c ****   {
  77:../Libraries/XMCLib/src/xmc4_usic.c **** #if(UC_SERIES != XMC45)
  78:../Libraries/XMCLib/src/xmc4_usic.c ****     XMC_SCU_CLOCK_UngatePeripheralClock(XMC_SCU_PERIPHERAL_CLOCK_USIC1);
  79:../Libraries/XMCLib/src/xmc4_usic.c **** #endif	
  80:../Libraries/XMCLib/src/xmc4_usic.c ****     XMC_SCU_RESET_DeassertPeripheralReset(XMC_SCU_PERIPHERAL_RESET_USIC1);
  58              	 .loc 1 80 0
  59 0022 0948     	 ldr r0,.L5+8
  60 0024 FFF7FEFF 	 bl XMC_SCU_RESET_DeassertPeripheralReset
  61 0028 06E0     	 b .L1
  62              	.L4:
  81:../Libraries/XMCLib/src/xmc4_usic.c ****   }
  82:../Libraries/XMCLib/src/xmc4_usic.c **** #endif  
  83:../Libraries/XMCLib/src/xmc4_usic.c **** #if defined(USIC2)  
  84:../Libraries/XMCLib/src/xmc4_usic.c ****   else if (usic == USIC2)
  63              	 .loc 1 84 0
  64 002a 7B68     	 ldr r3,[r7,#4]
  65 002c 074A     	 ldr r2,.L5+12
  66 002e 9342     	 cmp r3,r2
  67 0030 02D1     	 bne .L1
  85:../Libraries/XMCLib/src/xmc4_usic.c ****   {
  86:../Libraries/XMCLib/src/xmc4_usic.c **** #if(UC_SERIES != XMC45)  
  87:../Libraries/XMCLib/src/xmc4_usic.c ****     XMC_SCU_CLOCK_UngatePeripheralClock(XMC_SCU_CLOCK_USIC2);
  88:../Libraries/XMCLib/src/xmc4_usic.c **** #endif
  89:../Libraries/XMCLib/src/xmc4_usic.c ****     XMC_SCU_RESET_DeassertPeripheralReset(XMC_SCU_PERIPHERAL_RESET_USIC2);
  68              	 .loc 1 89 0
  69 0032 0748     	 ldr r0,.L5+16
  70 0034 FFF7FEFF 	 bl XMC_SCU_RESET_DeassertPeripheralReset
  71              	.L1:
  90:../Libraries/XMCLib/src/xmc4_usic.c ****   }
  91:../Libraries/XMCLib/src/xmc4_usic.c **** #endif  
  92:../Libraries/XMCLib/src/xmc4_usic.c ****   else
  93:../Libraries/XMCLib/src/xmc4_usic.c ****   {
  94:../Libraries/XMCLib/src/xmc4_usic.c ****     XMC_ASSERT("USIC module not available", 0/*Always*/);
  95:../Libraries/XMCLib/src/xmc4_usic.c ****   }
  96:../Libraries/XMCLib/src/xmc4_usic.c **** }
  72              	 .loc 1 96 0
  73 0038 0837     	 adds r7,r7,#8
  74              	.LCFI3:
  75              	 .cfi_def_cfa_offset 8
  76 003a BD46     	 mov sp,r7
  77              	.LCFI4:
  78              	 .cfi_def_cfa_register 13
  79              	 
  80 003c 80BD     	 pop {r7,pc}
  81              	.L6:
  82 003e 00BF     	 .align 2
  83              	.L5:
  84 0040 08000340 	 .word 1073938440
  85 0044 08000248 	 .word 1208090632
  86 0048 80000010 	 .word 268435584
  87 004c 08400248 	 .word 1208107016
  88 0050 00010010 	 .word 268435712
  89              	 .cfi_endproc
  90              	.LFE197:
  92              	 .section .text.XMC_USIC_Disable,"ax",%progbits
  93              	 .align 2
  94              	 .global XMC_USIC_Disable
  95              	 .thumb
  96              	 .thumb_func
  98              	XMC_USIC_Disable:
  99              	.LFB198:
  97:../Libraries/XMCLib/src/xmc4_usic.c **** /**
  98:../Libraries/XMCLib/src/xmc4_usic.c ****  * @brief API to Disable the USIC driver
  99:../Libraries/XMCLib/src/xmc4_usic.c ****  * @retval void
 100:../Libraries/XMCLib/src/xmc4_usic.c ****  *
 101:../Libraries/XMCLib/src/xmc4_usic.c ****  */
 102:../Libraries/XMCLib/src/xmc4_usic.c **** void XMC_USIC_Disable(XMC_USIC_t *const usic)
 103:../Libraries/XMCLib/src/xmc4_usic.c **** {
 100              	 .loc 1 103 0
 101              	 .cfi_startproc
 102              	 
 103              	 
 104 0000 80B5     	 push {r7,lr}
 105              	.LCFI5:
 106              	 .cfi_def_cfa_offset 8
 107              	 .cfi_offset 7,-8
 108              	 .cfi_offset 14,-4
 109 0002 82B0     	 sub sp,sp,#8
 110              	.LCFI6:
 111              	 .cfi_def_cfa_offset 16
 112 0004 00AF     	 add r7,sp,#0
 113              	.LCFI7:
 114              	 .cfi_def_cfa_register 7
 115 0006 7860     	 str r0,[r7,#4]
 104:../Libraries/XMCLib/src/xmc4_usic.c ****   if (usic == (XMC_USIC_t *)USIC0)
 116              	 .loc 1 104 0
 117 0008 7B68     	 ldr r3,[r7,#4]
 118 000a 0D4A     	 ldr r2,.L11
 119 000c 9342     	 cmp r3,r2
 120 000e 04D1     	 bne .L8
 105:../Libraries/XMCLib/src/xmc4_usic.c ****   {
 106:../Libraries/XMCLib/src/xmc4_usic.c ****     XMC_SCU_RESET_AssertPeripheralReset(XMC_SCU_PERIPHERAL_RESET_USIC0);
 121              	 .loc 1 106 0
 122 0010 4FF40060 	 mov r0,#2048
 123 0014 FFF7FEFF 	 bl XMC_SCU_RESET_AssertPeripheralReset
 124 0018 0EE0     	 b .L7
 125              	.L8:
 107:../Libraries/XMCLib/src/xmc4_usic.c **** #if(UC_SERIES != XMC45)
 108:../Libraries/XMCLib/src/xmc4_usic.c ****     XMC_SCU_CLOCK_GatePeripheralClock(XMC_SCU_PERIPHERAL_CLOCK_USIC0);
 109:../Libraries/XMCLib/src/xmc4_usic.c **** #endif
 110:../Libraries/XMCLib/src/xmc4_usic.c ****   }
 111:../Libraries/XMCLib/src/xmc4_usic.c **** #if defined(USIC1)  
 112:../Libraries/XMCLib/src/xmc4_usic.c ****   else if (usic == (XMC_USIC_t *)USIC1)
 126              	 .loc 1 112 0
 127 001a 7B68     	 ldr r3,[r7,#4]
 128 001c 094A     	 ldr r2,.L11+4
 129 001e 9342     	 cmp r3,r2
 130 0020 03D1     	 bne .L10
 113:../Libraries/XMCLib/src/xmc4_usic.c ****   {
 114:../Libraries/XMCLib/src/xmc4_usic.c ****     XMC_SCU_RESET_AssertPeripheralReset(XMC_SCU_PERIPHERAL_RESET_USIC1);
 131              	 .loc 1 114 0
 132 0022 0948     	 ldr r0,.L11+8
 133 0024 FFF7FEFF 	 bl XMC_SCU_RESET_AssertPeripheralReset
 134 0028 06E0     	 b .L7
 135              	.L10:
 115:../Libraries/XMCLib/src/xmc4_usic.c **** #if(UC_SERIES != XMC45)
 116:../Libraries/XMCLib/src/xmc4_usic.c ****     XMC_SCU_CLOCK_GatePeripheralClock(XMC_SCU_PERIPHERAL_CLOCK_USIC1);
 117:../Libraries/XMCLib/src/xmc4_usic.c **** #endif
 118:../Libraries/XMCLib/src/xmc4_usic.c ****   }
 119:../Libraries/XMCLib/src/xmc4_usic.c **** #endif  
 120:../Libraries/XMCLib/src/xmc4_usic.c **** #if defined(USIC2)  
 121:../Libraries/XMCLib/src/xmc4_usic.c ****   else if (usic == (XMC_USIC_t *)USIC2)
 136              	 .loc 1 121 0
 137 002a 7B68     	 ldr r3,[r7,#4]
 138 002c 074A     	 ldr r2,.L11+12
 139 002e 9342     	 cmp r3,r2
 140 0030 02D1     	 bne .L7
 122:../Libraries/XMCLib/src/xmc4_usic.c ****   {
 123:../Libraries/XMCLib/src/xmc4_usic.c ****     XMC_SCU_RESET_AssertPeripheralReset(XMC_SCU_PERIPHERAL_RESET_USIC2);
 141              	 .loc 1 123 0
 142 0032 0748     	 ldr r0,.L11+16
 143 0034 FFF7FEFF 	 bl XMC_SCU_RESET_AssertPeripheralReset
 144              	.L7:
 124:../Libraries/XMCLib/src/xmc4_usic.c **** #if(UC_SERIES != XMC45)
 125:../Libraries/XMCLib/src/xmc4_usic.c ****     XMC_SCU_CLOCK_GatePeripheralClock(XMC_SCU_CLOCK_USIC2);
 126:../Libraries/XMCLib/src/xmc4_usic.c **** #endif
 127:../Libraries/XMCLib/src/xmc4_usic.c ****   }
 128:../Libraries/XMCLib/src/xmc4_usic.c **** #endif  
 129:../Libraries/XMCLib/src/xmc4_usic.c ****   else
 130:../Libraries/XMCLib/src/xmc4_usic.c ****   {
 131:../Libraries/XMCLib/src/xmc4_usic.c **** 	  XMC_ASSERT("USIC module not available", 0/*Always*/);
 132:../Libraries/XMCLib/src/xmc4_usic.c ****   }
 133:../Libraries/XMCLib/src/xmc4_usic.c ****   
 134:../Libraries/XMCLib/src/xmc4_usic.c **** }
 145              	 .loc 1 134 0
 146 0038 0837     	 adds r7,r7,#8
 147              	.LCFI8:
 148              	 .cfi_def_cfa_offset 8
 149 003a BD46     	 mov sp,r7
 150              	.LCFI9:
 151              	 .cfi_def_cfa_register 13
 152              	 
 153 003c 80BD     	 pop {r7,pc}
 154              	.L12:
 155 003e 00BF     	 .align 2
 156              	.L11:
 157 0040 08000340 	 .word 1073938440
 158 0044 08000248 	 .word 1208090632
 159 0048 80000010 	 .word 268435584
 160 004c 08400248 	 .word 1208107016
 161 0050 00010010 	 .word 268435712
 162              	 .cfi_endproc
 163              	.LFE198:
 165              	 .text
 166              	.Letext0:
 167              	 .file 2 "c:\\davev4-64bit\\dave-ide-4.4.2-64bit\\eclipse\\arm-gcc-49\\arm-none-eabi\\include\\machine\\_default_types.h"
 168              	 .file 3 "c:\\davev4-64bit\\dave-ide-4.4.2-64bit\\eclipse\\arm-gcc-49\\arm-none-eabi\\include\\stdint.h"
 169              	 .file 4 "C:/Workspaces/DAVE-4.4.2-64Bit/fh-kaernten/DAVE_M2M_1/XMC4500_MTSR_Start_002/Libraries/CMSIS/Infineon/XMC4500_series/Include/XMC4500.h"
 170              	 .file 5 "C:/Workspaces/DAVE-4.4.2-64Bit/fh-kaernten/DAVE_M2M_1/XMC4500_MTSR_Start_002/Libraries/XMCLib/inc/xmc_usic.h"
 171              	 .file 6 "C:/Workspaces/DAVE-4.4.2-64Bit/fh-kaernten/DAVE_M2M_1/XMC4500_MTSR_Start_002/Libraries/CMSIS/Include/core_cm4.h"
 172              	 .file 7 "C:/Workspaces/DAVE-4.4.2-64Bit/fh-kaernten/DAVE_M2M_1/XMC4500_MTSR_Start_002/Libraries/CMSIS/Infineon/XMC4500_series/Include/system_XMC4500.h"
 173              	 .file 8 "C:/Workspaces/DAVE-4.4.2-64Bit/fh-kaernten/DAVE_M2M_1/XMC4500_MTSR_Start_002/Libraries/XMCLib/inc/xmc4_scu.h"
DEFINED SYMBOLS
                            *ABS*:00000000 xmc4_usic.c
    {standard input}:19     .text.XMC_USIC_Enable:00000000 $t
    {standard input}:24     .text.XMC_USIC_Enable:00000000 XMC_USIC_Enable
    {standard input}:84     .text.XMC_USIC_Enable:00000040 $d
    {standard input}:93     .text.XMC_USIC_Disable:00000000 $t
    {standard input}:98     .text.XMC_USIC_Disable:00000000 XMC_USIC_Disable
    {standard input}:157    .text.XMC_USIC_Disable:00000040 $d
                     .debug_frame:00000010 $d

UNDEFINED SYMBOLS
XMC_SCU_RESET_DeassertPeripheralReset
XMC_SCU_RESET_AssertPeripheralReset
