   1              	 .syntax unified
   2              	 .cpu cortex-m4
   3              	 .fpu softvfp
   4              	 .eabi_attribute 20,1
   5              	 .eabi_attribute 21,1
   6              	 .eabi_attribute 23,3
   7              	 .eabi_attribute 24,1
   8              	 .eabi_attribute 25,1
   9              	 .eabi_attribute 26,1
  10              	 .eabi_attribute 30,6
  11              	 .eabi_attribute 34,1
  12              	 .eabi_attribute 18,4
  13              	 .thumb
  14              	 .file "xmc4_eru.c"
  15              	 .text
  16              	.Ltext0:
  17              	 .cfi_sections .debug_frame
  18              	 .section .text.XMC_ERU_Enable,"ax",%progbits
  19              	 .align 2
  20              	 .global XMC_ERU_Enable
  21              	 .thumb
  22              	 .thumb_func
  24              	XMC_ERU_Enable:
  25              	.LFB155:
  26              	 .file 1 "../Libraries/XMCLib/src/xmc4_eru.c"
   1:../Libraries/XMCLib/src/xmc4_eru.c **** /**
   2:../Libraries/XMCLib/src/xmc4_eru.c ****  * @file xmc4_eru.c
   3:../Libraries/XMCLib/src/xmc4_eru.c ****  * @date 2015-02-20 
   4:../Libraries/XMCLib/src/xmc4_eru.c ****  *
   5:../Libraries/XMCLib/src/xmc4_eru.c ****  * @cond
   6:../Libraries/XMCLib/src/xmc4_eru.c ****  **************************************************************************************************
   7:../Libraries/XMCLib/src/xmc4_eru.c ****  * XMClib v2.0.0 - XMC Peripheral Driver Library
   8:../Libraries/XMCLib/src/xmc4_eru.c ****  *
   9:../Libraries/XMCLib/src/xmc4_eru.c ****  * Copyright (c) 2015, Infineon Technologies AG
  10:../Libraries/XMCLib/src/xmc4_eru.c ****  * All rights reserved.                        
  11:../Libraries/XMCLib/src/xmc4_eru.c ****  *                                             
  12:../Libraries/XMCLib/src/xmc4_eru.c ****  * Redistribution and use in source and binary forms, with or without modification,are permitted pr
  13:../Libraries/XMCLib/src/xmc4_eru.c ****  * following conditions are met:   
  14:../Libraries/XMCLib/src/xmc4_eru.c ****  *                                                                              
  15:../Libraries/XMCLib/src/xmc4_eru.c ****  * Redistributions of source code must retain the above copyright notice, this list of conditions a
  16:../Libraries/XMCLib/src/xmc4_eru.c ****  * disclaimer.                        
  17:../Libraries/XMCLib/src/xmc4_eru.c ****  * 
  18:../Libraries/XMCLib/src/xmc4_eru.c ****  * Redistributions in binary form must reproduce the above copyright notice, this list of condition
  19:../Libraries/XMCLib/src/xmc4_eru.c ****  * disclaimer in the documentation and/or other materials provided with the distribution.          
  20:../Libraries/XMCLib/src/xmc4_eru.c ****  * 
  21:../Libraries/XMCLib/src/xmc4_eru.c ****  * Neither the name of the copyright holders nor the names of its contributors may be used to endor
  22:../Libraries/XMCLib/src/xmc4_eru.c ****  * products derived from this software without specific prior written permission.                  
  23:../Libraries/XMCLib/src/xmc4_eru.c ****  *                                                                              
  24:../Libraries/XMCLib/src/xmc4_eru.c ****  * THIS SOFTWARE IS PROVIDED BY THE COPYRIGHT HOLDERS AND CONTRIBUTORS "AS IS" AND ANY EXPRESS OR I
  25:../Libraries/XMCLib/src/xmc4_eru.c ****  * INCLUDING, BUT NOT LIMITED TO, THE IMPLIED WARRANTIES OF MERCHANTABILITY AND FITNESS FOR A PARTI
  26:../Libraries/XMCLib/src/xmc4_eru.c ****  * DISCLAIMED. IN NO EVENT SHALL THE COPYRIGHT HOLDER OR CONTRIBUTORS BE LIABLE  FOR ANY DIRECT, IN
  27:../Libraries/XMCLib/src/xmc4_eru.c ****  * SPECIAL, EXEMPLARY, OR CONSEQUENTIAL DAMAGES (INCLUDING, BUT NOT LIMITED TO, PROCUREMENT OF SUBS
  28:../Libraries/XMCLib/src/xmc4_eru.c ****  * SERVICES; LOSS OF USE, DATA, OR PROFITS; OR BUSINESS INTERRUPTION) HOWEVER CAUSED AND ON ANY THE
  29:../Libraries/XMCLib/src/xmc4_eru.c ****  * WHETHER IN CONTRACT, STRICT LIABILITY,OR TORT (INCLUDING NEGLIGENCE OR OTHERWISE) ARISING IN ANY
  30:../Libraries/XMCLib/src/xmc4_eru.c ****  * OF THIS SOFTWARE, EVEN IF ADVISED OF THE POSSIBILITY OF SUCH DAMAGE.                            
  31:../Libraries/XMCLib/src/xmc4_eru.c ****  *                                                                              
  32:../Libraries/XMCLib/src/xmc4_eru.c ****  * To improve the quality of the software, users are encouraged to share modifications, enhancement
  33:../Libraries/XMCLib/src/xmc4_eru.c ****  * Infineon Technologies AG dave@infineon.com).                                                    
  34:../Libraries/XMCLib/src/xmc4_eru.c ****  **************************************************************************************************
  35:../Libraries/XMCLib/src/xmc4_eru.c ****  *
  36:../Libraries/XMCLib/src/xmc4_eru.c ****  * Change History
  37:../Libraries/XMCLib/src/xmc4_eru.c ****  * --------------
  38:../Libraries/XMCLib/src/xmc4_eru.c ****  *
  39:../Libraries/XMCLib/src/xmc4_eru.c ****  * 2015-02-20:
  40:../Libraries/XMCLib/src/xmc4_eru.c ****  *     - Initial <br>
  41:../Libraries/XMCLib/src/xmc4_eru.c ****  *
  42:../Libraries/XMCLib/src/xmc4_eru.c ****  * @endcond
  43:../Libraries/XMCLib/src/xmc4_eru.c ****  */
  44:../Libraries/XMCLib/src/xmc4_eru.c **** #include "xmc_eru.h"
  45:../Libraries/XMCLib/src/xmc4_eru.c **** #include "xmc_scu.h"
  46:../Libraries/XMCLib/src/xmc4_eru.c **** 
  47:../Libraries/XMCLib/src/xmc4_eru.c **** #if UC_FAMILY == XMC4
  48:../Libraries/XMCLib/src/xmc4_eru.c **** 
  49:../Libraries/XMCLib/src/xmc4_eru.c **** /**************************************************************************************************
  50:../Libraries/XMCLib/src/xmc4_eru.c ****  * API IMPLEMENTATION
  51:../Libraries/XMCLib/src/xmc4_eru.c ****  **************************************************************************************************
  52:../Libraries/XMCLib/src/xmc4_eru.c **** /* Enable the clock and De-assert the ERU module from the reset state. */
  53:../Libraries/XMCLib/src/xmc4_eru.c **** void XMC_ERU_Enable(XMC_ERU_t *const eru)
  54:../Libraries/XMCLib/src/xmc4_eru.c **** {
  27              	 .loc 1 54 0
  28              	 .cfi_startproc
  29              	 
  30              	 
  31 0000 80B5     	 push {r7,lr}
  32              	.LCFI0:
  33              	 .cfi_def_cfa_offset 8
  34              	 .cfi_offset 7,-8
  35              	 .cfi_offset 14,-4
  36 0002 82B0     	 sub sp,sp,#8
  37              	.LCFI1:
  38              	 .cfi_def_cfa_offset 16
  39 0004 00AF     	 add r7,sp,#0
  40              	.LCFI2:
  41              	 .cfi_def_cfa_register 7
  42 0006 7860     	 str r0,[r7,#4]
  55:../Libraries/XMCLib/src/xmc4_eru.c **** #if defined(XMC_ERU1)
  56:../Libraries/XMCLib/src/xmc4_eru.c ****   if (eru == XMC_ERU1)
  43              	 .loc 1 56 0
  44 0008 7B68     	 ldr r3,[r7,#4]
  45 000a 054A     	 ldr r2,.L3
  46 000c 9342     	 cmp r3,r2
  47 000e 03D1     	 bne .L1
  57:../Libraries/XMCLib/src/xmc4_eru.c ****   {
  58:../Libraries/XMCLib/src/xmc4_eru.c ****     #if (UC_SERIES != XMC45) 
  59:../Libraries/XMCLib/src/xmc4_eru.c ****       XMC_SCU_CLOCK_UngatePeripheralClock(XMC_SCU_PERIPHERAL_CLOCK_ERU1);
  60:../Libraries/XMCLib/src/xmc4_eru.c ****     #endif
  61:../Libraries/XMCLib/src/xmc4_eru.c ****     XMC_SCU_RESET_DeassertPeripheralReset(XMC_SCU_PERIPHERAL_RESET_ERU1);
  48              	 .loc 1 61 0
  49 0010 4FF48030 	 mov r0,#65536
  50 0014 FFF7FEFF 	 bl XMC_SCU_RESET_DeassertPeripheralReset
  51              	.L1:
  62:../Libraries/XMCLib/src/xmc4_eru.c ****   }
  63:../Libraries/XMCLib/src/xmc4_eru.c **** #else
  64:../Libraries/XMCLib/src/xmc4_eru.c ****   XMC_UNUSED_ARG(eru);
  65:../Libraries/XMCLib/src/xmc4_eru.c ****   #endif
  66:../Libraries/XMCLib/src/xmc4_eru.c **** }
  52              	 .loc 1 66 0
  53 0018 0837     	 adds r7,r7,#8
  54              	.LCFI3:
  55              	 .cfi_def_cfa_offset 8
  56 001a BD46     	 mov sp,r7
  57              	.LCFI4:
  58              	 .cfi_def_cfa_register 13
  59              	 
  60 001c 80BD     	 pop {r7,pc}
  61              	.L4:
  62 001e 00BF     	 .align 2
  63              	.L3:
  64 0020 00400440 	 .word 1074020352
  65              	 .cfi_endproc
  66              	.LFE155:
  68              	 .section .text.XMC_ERU_Disable,"ax",%progbits
  69              	 .align 2
  70              	 .global XMC_ERU_Disable
  71              	 .thumb
  72              	 .thumb_func
  74              	XMC_ERU_Disable:
  75              	.LFB156:
  67:../Libraries/XMCLib/src/xmc4_eru.c **** 
  68:../Libraries/XMCLib/src/xmc4_eru.c **** /* Disable the clock and Reset the ERU module. */
  69:../Libraries/XMCLib/src/xmc4_eru.c **** void XMC_ERU_Disable(XMC_ERU_t *const eru)
  70:../Libraries/XMCLib/src/xmc4_eru.c **** {
  76              	 .loc 1 70 0
  77              	 .cfi_startproc
  78              	 
  79              	 
  80 0000 80B5     	 push {r7,lr}
  81              	.LCFI5:
  82              	 .cfi_def_cfa_offset 8
  83              	 .cfi_offset 7,-8
  84              	 .cfi_offset 14,-4
  85 0002 82B0     	 sub sp,sp,#8
  86              	.LCFI6:
  87              	 .cfi_def_cfa_offset 16
  88 0004 00AF     	 add r7,sp,#0
  89              	.LCFI7:
  90              	 .cfi_def_cfa_register 7
  91 0006 7860     	 str r0,[r7,#4]
  71:../Libraries/XMCLib/src/xmc4_eru.c **** #if defined(XMC_ERU1)
  72:../Libraries/XMCLib/src/xmc4_eru.c ****   if (eru == XMC_ERU1)
  92              	 .loc 1 72 0
  93 0008 7B68     	 ldr r3,[r7,#4]
  94 000a 054A     	 ldr r2,.L7
  95 000c 9342     	 cmp r3,r2
  96 000e 03D1     	 bne .L5
  73:../Libraries/XMCLib/src/xmc4_eru.c ****   {
  74:../Libraries/XMCLib/src/xmc4_eru.c ****     XMC_SCU_RESET_AssertPeripheralReset(XMC_SCU_PERIPHERAL_RESET_ERU1);
  97              	 .loc 1 74 0
  98 0010 4FF48030 	 mov r0,#65536
  99 0014 FFF7FEFF 	 bl XMC_SCU_RESET_AssertPeripheralReset
 100              	.L5:
  75:../Libraries/XMCLib/src/xmc4_eru.c ****     #if (UC_SERIES != XMC45) 
  76:../Libraries/XMCLib/src/xmc4_eru.c ****       XMC_SCU_CLOCK_GatePeripheralClock(XMC_SCU_PERIPHERAL_CLOCK_ERU1);
  77:../Libraries/XMCLib/src/xmc4_eru.c ****     #endif
  78:../Libraries/XMCLib/src/xmc4_eru.c ****   }
  79:../Libraries/XMCLib/src/xmc4_eru.c **** #else
  80:../Libraries/XMCLib/src/xmc4_eru.c ****   XMC_UNUSED_ARG(eru);
  81:../Libraries/XMCLib/src/xmc4_eru.c **** #endif
  82:../Libraries/XMCLib/src/xmc4_eru.c **** }
 101              	 .loc 1 82 0
 102 0018 0837     	 adds r7,r7,#8
 103              	.LCFI8:
 104              	 .cfi_def_cfa_offset 8
 105 001a BD46     	 mov sp,r7
 106              	.LCFI9:
 107              	 .cfi_def_cfa_register 13
 108              	 
 109 001c 80BD     	 pop {r7,pc}
 110              	.L8:
 111 001e 00BF     	 .align 2
 112              	.L7:
 113 0020 00400440 	 .word 1074020352
 114              	 .cfi_endproc
 115              	.LFE156:
 117              	 .text
 118              	.Letext0:
 119              	 .file 2 "c:\\davev4-64bit\\dave-ide-4.4.2-64bit\\eclipse\\arm-gcc-49\\arm-none-eabi\\include\\machine\\_default_types.h"
 120              	 .file 3 "c:\\davev4-64bit\\dave-ide-4.4.2-64bit\\eclipse\\arm-gcc-49\\arm-none-eabi\\include\\stdint.h"
 121              	 .file 4 "C:/Workspaces/DAVE-4.4.2-64Bit/fh-kaernten/DAVE_M2M_1/XMC4500_MTSR_Start_002/Libraries/XMCLib/inc/xmc_eru.h"
 122              	 .file 5 "C:/Workspaces/DAVE-4.4.2-64Bit/fh-kaernten/DAVE_M2M_1/XMC4500_MTSR_Start_002/Libraries/CMSIS/Include/core_cm4.h"
 123              	 .file 6 "C:/Workspaces/DAVE-4.4.2-64Bit/fh-kaernten/DAVE_M2M_1/XMC4500_MTSR_Start_002/Libraries/CMSIS/Infineon/XMC4500_series/Include/system_XMC4500.h"
 124              	 .file 7 "C:/Workspaces/DAVE-4.4.2-64Bit/fh-kaernten/DAVE_M2M_1/XMC4500_MTSR_Start_002/Libraries/XMCLib/inc/xmc4_scu.h"
DEFINED SYMBOLS
                            *ABS*:00000000 xmc4_eru.c
    {standard input}:19     .text.XMC_ERU_Enable:00000000 $t
    {standard input}:24     .text.XMC_ERU_Enable:00000000 XMC_ERU_Enable
    {standard input}:64     .text.XMC_ERU_Enable:00000020 $d
    {standard input}:69     .text.XMC_ERU_Disable:00000000 $t
    {standard input}:74     .text.XMC_ERU_Disable:00000000 XMC_ERU_Disable
    {standard input}:113    .text.XMC_ERU_Disable:00000020 $d
                     .debug_frame:00000010 $d

UNDEFINED SYMBOLS
XMC_SCU_RESET_DeassertPeripheralReset
XMC_SCU_RESET_AssertPeripheralReset
